fail: Microsoft.AspNetCore.DataProtection.KeyManagement.KeyRingProvider[48]
      An error occurred while reading the key ring.
      System.UnauthorizedAccessException: Access to the path 'C:\Users\josemelque.santos\AppData\Local\ASP.NET\DataProtection-Keys' is denied.
         at System.IO.Enumeration.FileSystemEnumerator`1.CreateDirectoryHandle(String path, Boolean ignoreNotFound)
         at System.IO.Enumeration.FileSystemEnumerator`1.Init()
         at System.IO.Enumeration.FileSystemEnumerable`1..ctor(String directory, FindTransform transform, EnumerationOptions options, Boolean isNormalized)
         at System.IO.Enumeration.FileSystemEnumerableFactory.FileSystemInfos(String directory, String expression, EnumerationOptions options, Boolean isNormalized)
         at System.IO.DirectoryInfo.InternalEnumerateInfos(String path, String searchPattern, SearchTarget searchTarget, EnumerationOptions options)
         at System.IO.DirectoryInfo.EnumerateFileSystemInfos(String searchPattern, SearchOption searchOption)
         at Microsoft.AspNetCore.DataProtection.Repositories.FileSystemXmlRepository.GetAllElementsCore()+MoveNext()
         at System.Collections.Generic.List`1..ctor(IEnumerable`1 collection)
         at System.Linq.Enumerable.ToList[TSource](IEnumerable`1 source)
         at Microsoft.AspNetCore.DataProtection.Repositories.FileSystemXmlRepository.GetAllElements()
         at Microsoft.AspNetCore.DataProtection.KeyManagement.XmlKeyManager.GetAllKeys()
         at Microsoft.AspNetCore.DataProtection.KeyManagement.KeyRingProvider.CreateCacheableKeyRingCore(DateTimeOffset now, IKey keyJustAdded)
         at Microsoft.AspNetCore.DataProtection.KeyManagement.KeyRingProvider.<GetCurrentKeyRingCoreNew>b__31_1(Object utcNowState)
         at System.Threading.Tasks.Task`1.InnerInvoke()
         at System.Threading.ExecutionContext.RunFromThreadPoolDispatchLoop(Thread threadPoolThread, ExecutionContext executionContext, ContextCallback callback, Object state)
      --- End of stack trace from previous location ---
         at System.Threading.ExecutionContext.RunFromThreadPoolDispatchLoop(Thread threadPoolThread, ExecutionContext executionContext, ContextCallback callback, Object state)
         at System.Threading.Tasks.Task.ExecuteWithThreadLocal(Task& currentTaskSlot, Thread threadPoolThread)
      --- End of stack trace from previous location ---
         at Microsoft.AspNetCore.DataProtection.KeyManagement.KeyRingProvider.GetKeyRingFromCompletedTaskUnsynchronized(Task`1 task, DateTime utcNow)
info: System.Net.Http.HttpClient.IDataStore.LogicalHandler[100]
      Start processing HTTP request GET https://xpgbfpjhzihhthliugyu.supabase.co/rest/v1/campaign_jobs?*
info: System.Net.Http.HttpClient.IDataStore.ClientHandler[100]
      Sending HTTP request GET https://xpgbfpjhzihhthliugyu.supabase.co/rest/v1/campaign_jobs?*
info: System.Net.Http.HttpClient.IDataStore.LogicalHandler[100]
      Start processing HTTP request GET https://xpgbfpjhzihhthliugyu.supabase.co/rest/v1/broadcast_jobs?*
info: System.Net.Http.HttpClient.IDataStore.ClientHandler[100]
      Sending HTTP request GET https://xpgbfpjhzihhthliugyu.supabase.co/rest/v1/broadcast_jobs?*
info: Microsoft.Hosting.Lifetime[14]
      Now listening on: http://localhost:5000
info: Microsoft.Hosting.Lifetime[0]
      Application started. Press Ctrl+C to shut down.
info: Microsoft.Hosting.Lifetime[0]
      Hosting environment: Production
info: Microsoft.Hosting.Lifetime[0]
      Content root path: C:\Users\josemelque.santos\Documents\New project\backend
fail: backend.Services.BroadcastJobsWorker[0]
      Erro no worker de disparos agendados do CRM.
      System.Net.Http.HttpRequestException: The SSL connection could not be established, see inner exception.
       ---> System.Security.Authentication.AuthenticationException: Authentication failed, see inner exception.
       ---> System.ComponentModel.Win32Exception (0x8009030E): Credenciais não disponíveis no pacote de segurança
         at System.Net.SSPIWrapper.AcquireCredentialsHandle(ISSPIInterface secModule, String package, CredentialUse intent, SCH_CREDENTIALS* scc)
         at System.Net.Security.SslStreamPal.AcquireCredentialsHandle(CredentialUse credUsage, SCH_CREDENTIALS* secureCredential)
         at System.Net.Security.SslStreamPal.AcquireCredentialsHandleSchCredentials(SslAuthenticationOptions authOptions)
         at System.Net.Security.SslStreamPal.AcquireCredentialsHandle(SslAuthenticationOptions sslAuthenticationOptions, Boolean newCredentialsRequested)
         --- End of inner exception stack trace ---
         at System.Net.Security.SslStreamPal.AcquireCredentialsHandle(SslAuthenticationOptions sslAuthenticationOptions, Boolean newCredentialsRequested)
         at System.Net.Security.SslStream.AcquireCredentialsHandle(SslAuthenticationOptions sslAuthenticationOptions, Boolean newCredentialsRequested)
         at System.Net.Security.SslStream.AcquireClientCredentials(Byte[]& thumbPrint, Boolean newCredentialsRequested)
         at System.Net.Security.SslStream.GenerateToken(ReadOnlySpan`1 inputBuffer, Int32& consumed)
         at System.Net.Security.SslStream.NextMessage(ReadOnlySpan`1 incomingBuffer, Int32& consumed)
         at System.Net.Security.SslStream.ForceAuthenticationAsync[TIOAdapter](Boolean receiveFirst, Byte[] reAuthenticationData, CancellationToken cancellationToken)
         at System.Net.Http.ConnectHelper.EstablishSslConnectionAsync(SslClientAuthenticationOptions sslOptions, HttpRequestMessage request, Boolean async, Stream stream, CancellationToken cancellationToken)
         --- End of inner exception stack trace ---
         at System.Net.Http.ConnectHelper.EstablishSslConnectionAsync(SslClientAuthenticationOptions sslOptions, HttpRequestMessage request, Boolean async, Stream stream, CancellationToken cancellationToken)
         at System.Net.Http.HttpConnectionPool.ConnectAsync(HttpRequestMessage request, Boolean async, CancellationToken cancellationToken)
         at System.Net.Http.HttpConnectionPool.CreateHttp11ConnectionAsync(HttpRequestMessage request, Boolean async, CancellationToken cancellationToken)
         at System.Net.Http.HttpConnectionPool.InjectNewHttp11ConnectionAsync(QueueItem queueItem)
         at System.Threading.Tasks.TaskCompletionSourceWithCancellation`1.WaitWithCancellationAsync(CancellationToken cancellationToken)
         at System.Net.Http.HttpConnectionPool.SendWithVersionDetectionAndRetryAsync(HttpRequestMessage request, Boolean async, Boolean doRequestAuth, CancellationToken cancellationToken)
         at System.Net.Http.RedirectHandler.SendAsync(HttpRequestMessage request, Boolean async, CancellationToken cancellationToken)
         at Microsoft.Extensions.Http.Logging.LoggingHttpMessageHandler.<SendCoreAsync>g__Core|4_0(HttpRequestMessage request, Boolean useAsync, CancellationToken cancellationToken)
         at Microsoft.Extensions.Http.Logging.LoggingScopeHttpMessageHandler.<SendCoreAsync>g__Core|4_0(HttpRequestMessage request, Boolean useAsync, CancellationToken cancellationToken)
         at System.Net.Http.HttpClient.<SendAsync>g__Core|83_0(HttpRequestMessage request, HttpCompletionOption completionOption, CancellationTokenSource cts, Boolean disposeCts, CancellationTokenSource pendingRequestsCts, CancellationToken originalCancellationToken)
         at backend.Services.SupabaseDataStore.GetAsync[T](String relativeUrl, CancellationToken cancellationToken) in C:\Users\josemelque.santos\Documents\New project\backend\Services\SupabaseDataStore.cs:line 864
         at backend.Services.SupabaseDataStore.GetDueScheduledBroadcastJobsAsync(DateTimeOffset nowUtc, Int32 limit, CancellationToken cancellationToken) in C:\Users\josemelque.santos\Documents\New project\backend\Services\SupabaseDataStore.Crm.cs:line 341
         at backend.Services.BroadcastJobsWorker.ExecuteAsync(CancellationToken stoppingToken) in C:\Users\josemelque.santos\Documents\New project\backend\Services\BroadcastJobsWorker.cs:line 20
fail: backend.Services.CampaignJobsWorker[0]
      Erro no worker de campanhas agendadas.
      System.Net.Http.HttpRequestException: The SSL connection could not be established, see inner exception.
       ---> System.Security.Authentication.AuthenticationException: Authentication failed, see inner exception.
       ---> System.ComponentModel.Win32Exception (0x8009030E): Credenciais não disponíveis no pacote de segurança
         at System.Net.SSPIWrapper.AcquireCredentialsHandle(ISSPIInterface secModule, String package, CredentialUse intent, SCH_CREDENTIALS* scc)
         at System.Net.Security.SslStreamPal.AcquireCredentialsHandle(CredentialUse credUsage, SCH_CREDENTIALS* secureCredential)
         at System.Net.Security.SslStreamPal.AcquireCredentialsHandleSchCredentials(SslAuthenticationOptions authOptions)
         at System.Net.Security.SslStreamPal.AcquireCredentialsHandle(SslAuthenticationOptions sslAuthenticationOptions, Boolean newCredentialsRequested)
         --- End of inner exception stack trace ---
         at System.Net.Security.SslStreamPal.AcquireCredentialsHandle(SslAuthenticationOptions sslAuthenticationOptions, Boolean newCredentialsRequested)
         at System.Net.Security.SslStream.AcquireCredentialsHandle(SslAuthenticationOptions sslAuthenticationOptions, Boolean newCredentialsRequested)
         at System.Net.Security.SslStream.AcquireClientCredentials(Byte[]& thumbPrint, Boolean newCredentialsRequested)
         at System.Net.Security.SslStream.GenerateToken(ReadOnlySpan`1 inputBuffer, Int32& consumed)
         at System.Net.Security.SslStream.NextMessage(ReadOnlySpan`1 incomingBuffer, Int32& consumed)
         at System.Net.Security.SslStream.ForceAuthenticationAsync[TIOAdapter](Boolean receiveFirst, Byte[] reAuthenticationData, CancellationToken cancellationToken)
         at System.Net.Http.ConnectHelper.EstablishSslConnectionAsync(SslClientAuthenticationOptions sslOptions, HttpRequestMessage request, Boolean async, Stream stream, CancellationToken cancellationToken)
         --- End of inner exception stack trace ---
         at System.Net.Http.ConnectHelper.EstablishSslConnectionAsync(SslClientAuthenticationOptions sslOptions, HttpRequestMessage request, Boolean async, Stream stream, CancellationToken cancellationToken)
         at System.Net.Http.HttpConnectionPool.ConnectAsync(HttpRequestMessage request, Boolean async, CancellationToken cancellationToken)
         at System.Net.Http.HttpConnectionPool.CreateHttp11ConnectionAsync(HttpRequestMessage request, Boolean async, CancellationToken cancellationToken)
         at System.Net.Http.HttpConnectionPool.InjectNewHttp11ConnectionAsync(QueueItem queueItem)
         at System.Threading.Tasks.TaskCompletionSourceWithCancellation`1.WaitWithCancellationAsync(CancellationToken cancellationToken)
         at System.Net.Http.HttpConnectionPool.SendWithVersionDetectionAndRetryAsync(HttpRequestMessage request, Boolean async, Boolean doRequestAuth, CancellationToken cancellationToken)
         at System.Net.Http.RedirectHandler.SendAsync(HttpRequestMessage request, Boolean async, CancellationToken cancellationToken)
         at Microsoft.Extensions.Http.Logging.LoggingHttpMessageHandler.<SendCoreAsync>g__Core|4_0(HttpRequestMessage request, Boolean useAsync, CancellationToken cancellationToken)
         at Microsoft.Extensions.Http.Logging.LoggingScopeHttpMessageHandler.<SendCoreAsync>g__Core|4_0(HttpRequestMessage request, Boolean useAsync, CancellationToken cancellationToken)
         at System.Net.Http.HttpClient.<SendAsync>g__Core|83_0(HttpRequestMessage request, HttpCompletionOption completionOption, CancellationTokenSource cts, Boolean disposeCts, CancellationTokenSource pendingRequestsCts, CancellationToken originalCancellationToken)
         at backend.Services.SupabaseDataStore.GetAsync[T](String relativeUrl, CancellationToken cancellationToken) in C:\Users\josemelque.santos\Documents\New project\backend\Services\SupabaseDataStore.cs:line 864
         at backend.Services.SupabaseDataStore.GetDueCampaignJobsAsync(DateTimeOffset nowUtc, Int32 limit, CancellationToken cancellationToken) in C:\Users\josemelque.santos\Documents\New project\backend\Services\SupabaseDataStore.cs:line 675
         at backend.Services.CampaignJobsWorker.ExecuteAsync(CancellationToken stoppingToken) in C:\Users\josemelque.santos\Documents\New project\backend\Services\CampaignJobsWorker.cs:line 20
fail: Microsoft.Extensions.Hosting.Internal.Host[9]
      BackgroundService failed
      System.AggregateException: An error occurred while writing to logger(s). (Cannot open log for source '.NET Runtime'. You may not have write access.)
       ---> System.InvalidOperationException: Cannot open log for source '.NET Runtime'. You may not have write access.
       ---> System.ComponentModel.Win32Exception (5): Acesso negado.
         --- End of inner exception stack trace ---
         at System.Diagnostics.EventLogInternal.OpenForWrite(String currentMachineName)
         at System.Diagnostics.EventLogInternal.InternalWriteEvent(UInt32 eventID, UInt16 category, EventLogEntryType type, String[] strings, Byte[] rawData, String currentMachineName)
         at System.Diagnostics.EventLogInternal.WriteEvent(EventInstance instance, Byte[] data, Object[] values)
         at Microsoft.Extensions.Logging.EventLog.WindowsEventLog.WriteEntry(String message, EventLogEntryType type, Int32 eventID, Int16 category)
         at Microsoft.Extensions.Logging.EventLog.EventLogLogger.WriteMessage(String message, EventLogEntryType eventLogEntryType, Int32 eventId)
         at Microsoft.Extensions.Logging.EventLog.EventLogLogger.Log[TState](LogLevel logLevel, EventId eventId, TState state, Exception exception, Func`3 formatter)
         at Microsoft.Extensions.Logging.Logger.<Log>g__LoggerLog|14_0[TState](LogLevel logLevel, EventId eventId, ILogger logger, Exception exception, Func`3 formatter, List`1& exceptions, TState& state)
         --- End of inner exception stack trace ---
         at Microsoft.Extensions.Logging.Logger.ThrowLoggingError(List`1 exceptions)
         at Microsoft.Extensions.Logging.Logger.Log[TState](LogLevel logLevel, EventId eventId, TState state, Exception exception, Func`3 formatter)
         at Microsoft.Extensions.Logging.LoggerExtensions.Log(ILogger logger, LogLevel logLevel, EventId eventId, Exception exception, String message, Object[] args)
         at Microsoft.Extensions.Logging.LoggerExtensions.LogError(ILogger logger, Exception exception, String message, Object[] args)
         at backend.Services.BroadcastJobsWorker.ExecuteAsync(CancellationToken stoppingToken) in C:\Users\josemelque.santos\Documents\New project\backend\Services\BroadcastJobsWorker.cs:line 38
         at Microsoft.Extensions.Hosting.Internal.Host.TryExecuteBackgroundServiceAsync(BackgroundService backgroundService)
fail: Microsoft.Extensions.Hosting.Internal.Host[9]
      BackgroundService failed
      System.AggregateException: An error occurred while writing to logger(s). (Cannot open log for source '.NET Runtime'. You may not have write access.)
       ---> System.InvalidOperationException: Cannot open log for source '.NET Runtime'. You may not have write access.
       ---> System.ComponentModel.Win32Exception (5): Acesso negado.
         --- End of inner exception stack trace ---
         at System.Diagnostics.EventLogInternal.OpenForWrite(String currentMachineName)
         at System.Diagnostics.EventLogInternal.InternalWriteEvent(UInt32 eventID, UInt16 category, EventLogEntryType type, String[] strings, Byte[] rawData, String currentMachineName)
         at System.Diagnostics.EventLogInternal.WriteEvent(EventInstance instance, Byte[] data, Object[] values)
         at Microsoft.Extensions.Logging.EventLog.WindowsEventLog.WriteEntry(String message, EventLogEntryType type, Int32 eventID, Int16 category)
         at Microsoft.Extensions.Logging.EventLog.EventLogLogger.WriteMessage(String message, EventLogEntryType eventLogEntryType, Int32 eventId)
         at Microsoft.Extensions.Logging.EventLog.EventLogLogger.Log[TState](LogLevel logLevel, EventId eventId, TState state, Exception exception, Func`3 formatter)
         at Microsoft.Extensions.Logging.Logger.<Log>g__LoggerLog|14_0[TState](LogLevel logLevel, EventId eventId, ILogger logger, Exception exception, Func`3 formatter, List`1& exceptions, TState& state)
         --- End of inner exception stack trace ---
         at Microsoft.Extensions.Logging.Logger.ThrowLoggingError(List`1 exceptions)
         at Microsoft.Extensions.Logging.Logger.Log[TState](LogLevel logLevel, EventId eventId, TState state, Exception exception, Func`3 formatter)
         at Microsoft.Extensions.Logging.LoggerExtensions.Log(ILogger logger, LogLevel logLevel, EventId eventId, Exception exception, String message, Object[] args)
         at Microsoft.Extensions.Logging.LoggerExtensions.LogError(ILogger logger, Exception exception, String message, Object[] args)
         at backend.Services.CampaignJobsWorker.ExecuteAsync(CancellationToken stoppingToken) in C:\Users\josemelque.santos\Documents\New project\backend\Services\CampaignJobsWorker.cs:line 38
         at Microsoft.Extensions.Hosting.Internal.Host.TryExecuteBackgroundServiceAsync(BackgroundService backgroundService)
